[13-Jul-2024 16:48:40 UTC] PHP Warning:  Cannot modify header information - headers already sent by (output started at C:\xampp\htdocs\wordpress\wp-includes\script-loader.php:2938) in C:\xampp\htdocs\wordpress\wp-includes\pluggable.php on line 1435
[13-Jul-2024 16:48:40 UTC] PHP Warning:  Cannot modify header information - headers already sent by (output started at C:\xampp\htdocs\wordpress\wp-includes\script-loader.php:2938) in C:\xampp\htdocs\wordpress\wp-includes\pluggable.php on line 1438
[13-Jul-2024 16:51:39 UTC] PHP Warning:  Cannot modify header information - headers already sent by (output started at C:\xampp\htdocs\wordpress\wp-includes\script-loader.php:2938) in C:\xampp\htdocs\wordpress\wp-includes\pluggable.php on line 1435
[13-Jul-2024 16:51:39 UTC] PHP Warning:  Cannot modify header information - headers already sent by (output started at C:\xampp\htdocs\wordpress\wp-includes\script-loader.php:2938) in C:\xampp\htdocs\wordpress\wp-includes\pluggable.php on line 1438
[13-Jul-2024 16:55:11 UTC] PHP Warning:  Undefined variable $last_name in C:\xampp\htdocs\wordpress\wp-content\themes\jumpseat-themes\index.php on line 236
[13-Jul-2024 16:55:11 UTC] PHP Warning:  Undefined variable $company in C:\xampp\htdocs\wordpress\wp-content\themes\jumpseat-themes\index.php on line 239
[13-Jul-2024 16:55:11 UTC] PHP Warning:  Undefined variable $message in C:\xampp\htdocs\wordpress\wp-content\themes\jumpseat-themes\index.php on line 240
[13-Jul-2024 16:55:11 UTC] PHP Deprecated:  htmlspecialchars(): Passing null to parameter #1 ($string) of type string is deprecated in C:\xampp\htdocs\wordpress\wp-includes\formatting.php on line 4732
[13-Jul-2024 17:18:45 UTC] PHP Warning:  Attempt to read property "title" on null in C:\xampp\htdocs\wordpress\wp-includes\class-wp-customize-widgets.php on line 905
[13-Jul-2024 17:38:55 UTC] PHP Parse error:  Unclosed '{' on line 96 in C:\xampp\htdocs\wordpress\wp-content\plugins\login_form_management\login-form-management.php on line 99
[13-Jul-2024 17:38:55 UTC] PHP Notice:  La función is_embed ha sido llamada de forma incorrecta. Las etiquetas de las consultas condicionales no funcionan antes de ejecutar la consulta. Haciéndolo antes, siempre devuelven falso. Por favor, ve <a>depuración en WordPress</a> para más información. (Este mensaje fue añadido en la versión 3.1.0). in C:\xampp\htdocs\wordpress\wp-includes\functions.php on line 6078
[13-Jul-2024 17:38:55 UTC] PHP Notice:  La función is_search ha sido llamada de forma incorrecta. Las etiquetas de las consultas condicionales no funcionan antes de ejecutar la consulta. Haciéndolo antes, siempre devuelven falso. Por favor, ve <a>depuración en WordPress</a> para más información. (Este mensaje fue añadido en la versión 3.1.0). in C:\xampp\htdocs\wordpress\wp-includes\functions.php on line 6078
[13-Jul-2024 17:57:24 UTC] PHP Parse error:  Unclosed '(' on line 159 in C:\xampp\htdocs\wordpress\wp-content\plugins\login_form_management\login-form-management.php on line 160
[13-Jul-2024 20:02:31 UTC] PHP Warning:  Attempt to read property "title" on null in C:\xampp\htdocs\wordpress\wp-includes\class-wp-customize-widgets.php on line 905
[13-Jul-2024 20:08:44 UTC] PHP Warning:  Attempt to read property "title" on null in C:\xampp\htdocs\wordpress\wp-includes\class-wp-customize-widgets.php on line 905
[13-Jul-2024 22:17:36 UTC] PHP Warning:  Attempt to read property "title" on null in C:\xampp\htdocs\wordpress\wp-includes\class-wp-customize-widgets.php on line 905
[13-Jul-2024 23:24:19 UTC] PHP Warning:  Attempt to read property "title" on null in C:\xampp\htdocs\wordpress\wp-includes\class-wp-customize-widgets.php on line 905
[13-Jul-2024 23:24:54 UTC] PHP Warning:  Attempt to read property "title" on null in C:\xampp\htdocs\wordpress\wp-includes\class-wp-customize-widgets.php on line 905
[14-Jul-2024 02:24:55 UTC] PHP Warning:  Attempt to read property "title" on null in C:\xampp\htdocs\wordpress\wp-includes\class-wp-customize-widgets.php on line 905
[14-Jul-2024 02:54:10 UTC] PHP Warning:  Attempt to read property "title" on null in C:\xampp\htdocs\wordpress\wp-includes\class-wp-customize-widgets.php on line 905
[14-Jul-2024 06:51:31 UTC] PHP Warning:  Attempt to read property "title" on null in C:\xampp\htdocs\wordpress\wp-includes\class-wp-customize-widgets.php on line 905
[14-Jul-2024 07:22:55 UTC] PHP Warning:  Attempt to read property "title" on null in C:\xampp\htdocs\wordpress\wp-includes\class-wp-customize-widgets.php on line 905
[14-Jul-2024 07:29:23 UTC] PHP Warning:  Attempt to read property "title" on null in C:\xampp\htdocs\wordpress\wp-includes\class-wp-customize-widgets.php on line 905
[14-Jul-2024 08:39:11 UTC] PHP Warning:  Attempt to read property "title" on null in C:\xampp\htdocs\wordpress\wp-includes\class-wp-customize-widgets.php on line 905
[14-Jul-2024 19:28:57 UTC] PHP Warning:  Attempt to read property "title" on null in C:\xampp\htdocs\wordpress\wp-includes\class-wp-customize-widgets.php on line 905
[14-Jul-2024 19:34:10 UTC] PHP Warning:  Attempt to read property "title" on null in C:\xampp\htdocs\wordpress\wp-includes\class-wp-customize-widgets.php on line 905
[14-Jul-2024 19:52:10 UTC] PHP Warning:  Attempt to read property "title" on null in C:\xampp\htdocs\wordpress\wp-includes\class-wp-customize-widgets.php on line 905
[14-Jul-2024 19:52:31 UTC] PHP Warning:  Attempt to read property "title" on null in C:\xampp\htdocs\wordpress\wp-includes\class-wp-customize-widgets.php on line 905
[14-Jul-2024 20:05:05 UTC] PHP Warning:  Attempt to read property "title" on null in C:\xampp\htdocs\wordpress\wp-includes\class-wp-customize-widgets.php on line 905
[14-Jul-2024 20:06:31 UTC] PHP Deprecated:  El archivo Tema sin footer.php ha quedado obsoleto desde la versión 3.0.0 y no hay alternativas disponibles. Por favor, incluye una plantilla footer.php en tu tema. in C:\xampp\htdocs\wordpress\wp-includes\functions.php on line 6078
[14-Jul-2024 20:08:30 UTC] PHP Deprecated:  El archivo Tema sin footer.php ha quedado obsoleto desde la versión 3.0.0 y no hay alternativas disponibles. Por favor, incluye una plantilla footer.php en tu tema. in C:\xampp\htdocs\wordpress\wp-includes\functions.php on line 6078
[14-Jul-2024 20:08:40 UTC] PHP Warning:  Attempt to read property "title" on null in C:\xampp\htdocs\wordpress\wp-includes\class-wp-customize-widgets.php on line 905
[14-Jul-2024 20:08:42 UTC] PHP Deprecated:  El archivo Tema sin footer.php ha quedado obsoleto desde la versión 3.0.0 y no hay alternativas disponibles. Por favor, incluye una plantilla footer.php en tu tema. in C:\xampp\htdocs\wordpress\wp-includes\functions.php on line 6078
[14-Jul-2024 20:09:03 UTC] PHP Warning:  Attempt to read property "title" on null in C:\xampp\htdocs\wordpress\wp-includes\class-wp-customize-widgets.php on line 905
[14-Jul-2024 20:17:19 UTC] PHP Deprecated:  ¡La función print_emoji_styles ha quedado obsoleta desde la versión 6.4.0! Usa wp_enqueue_emoji_styles en su lugar. in C:\xampp\htdocs\wordpress\wp-includes\functions.php on line 6078
[14-Jul-2024 20:17:19 UTC] PHP Deprecated:  El archivo Tema sin footer.php ha quedado obsoleto desde la versión 3.0.0 y no hay alternativas disponibles. Por favor, incluye una plantilla footer.php en tu tema. in C:\xampp\htdocs\wordpress\wp-includes\functions.php on line 6078
[14-Jul-2024 20:17:22 UTC] PHP Warning:  Cannot modify header information - headers already sent by (output started at C:\xampp\htdocs\wordpress\wp-includes\class-wp-styles.php:214) in C:\xampp\htdocs\wordpress\wp-admin\includes\misc.php on line 1439
[14-Jul-2024 20:17:22 UTC] PHP Warning:  Cannot modify header information - headers already sent by (output started at C:\xampp\htdocs\wordpress\wp-includes\class-wp-styles.php:214) in C:\xampp\htdocs\wordpress\wp-includes\functions.php on line 7099
[14-Jul-2024 20:17:22 UTC] PHP Warning:  Cannot modify header information - headers already sent by (output started at C:\xampp\htdocs\wordpress\wp-includes\class-wp-styles.php:214) in C:\xampp\htdocs\wordpress\wp-admin\customize.php on line 126
[14-Jul-2024 20:17:22 UTC] PHP Warning:  Attempt to read property "title" on null in C:\xampp\htdocs\wordpress\wp-includes\class-wp-customize-widgets.php on line 905
[14-Jul-2024 20:17:26 UTC] PHP Deprecated:  El archivo Tema sin footer.php ha quedado obsoleto desde la versión 3.0.0 y no hay alternativas disponibles. Por favor, incluye una plantilla footer.php en tu tema. in C:\xampp\htdocs\wordpress\wp-includes\functions.php on line 6078
[14-Jul-2024 20:17:26 UTC] PHP Warning:  Cannot modify header information - headers already sent by (output started at C:\xampp\htdocs\wordpress\wp-includes\class-wp-styles.php:214) in C:\xampp\htdocs\wordpress\wp-includes\rest-api\class-wp-rest-server.php on line 1831
[14-Jul-2024 20:17:26 UTC] PHP Warning:  Cannot modify header information - headers already sent by (output started at C:\xampp\htdocs\wordpress\wp-includes\class-wp-styles.php:214) in C:\xampp\htdocs\wordpress\wp-includes\rest-api\class-wp-rest-server.php on line 1831
[14-Jul-2024 20:17:26 UTC] PHP Warning:  Cannot modify header information - headers already sent by (output started at C:\xampp\htdocs\wordpress\wp-includes\class-wp-styles.php:214) in C:\xampp\htdocs\wordpress\wp-includes\rest-api\class-wp-rest-server.php on line 1831
[14-Jul-2024 20:17:26 UTC] PHP Warning:  Cannot modify header information - headers already sent by (output started at C:\xampp\htdocs\wordpress\wp-includes\class-wp-styles.php:214) in C:\xampp\htdocs\wordpress\wp-includes\rest-api\class-wp-rest-server.php on line 1831
[14-Jul-2024 20:17:26 UTC] PHP Warning:  Cannot modify header information - headers already sent by (output started at C:\xampp\htdocs\wordpress\wp-includes\class-wp-styles.php:214) in C:\xampp\htdocs\wordpress\wp-includes\rest-api\class-wp-rest-server.php on line 1831
[14-Jul-2024 20:17:26 UTC] PHP Warning:  Cannot modify header information - headers already sent by (output started at C:\xampp\htdocs\wordpress\wp-includes\class-wp-styles.php:214) in C:\xampp\htdocs\wordpress\wp-includes\rest-api\class-wp-rest-server.php on line 1831
[14-Jul-2024 20:17:26 UTC] PHP Warning:  Cannot modify header information - headers already sent by (output started at C:\xampp\htdocs\wordpress\wp-includes\class-wp-styles.php:214) in C:\xampp\htdocs\wordpress\wp-includes\rest-api\class-wp-rest-server.php on line 1831
[14-Jul-2024 20:17:26 UTC] PHP Warning:  Cannot modify header information - headers already sent by (output started at C:\xampp\htdocs\wordpress\wp-includes\class-wp-styles.php:214) in C:\xampp\htdocs\wordpress\wp-includes\rest-api\class-wp-rest-server.php on line 1831
[14-Jul-2024 20:17:26 UTC] PHP Warning:  Cannot modify header information - headers already sent by (output started at C:\xampp\htdocs\wordpress\wp-includes\class-wp-styles.php:214) in C:\xampp\htdocs\wordpress\wp-includes\rest-api\class-wp-rest-server.php on line 1831
[14-Jul-2024 20:17:26 UTC] PHP Warning:  Cannot modify header information - headers already sent by (output started at C:\xampp\htdocs\wordpress\wp-includes\class-wp-styles.php:214) in C:\xampp\htdocs\wordpress\wp-includes\rest-api\class-wp-rest-server.php on line 1831
[14-Jul-2024 20:17:26 UTC] PHP Warning:  Cannot modify header information - headers already sent by (output started at C:\xampp\htdocs\wordpress\wp-includes\class-wp-styles.php:214) in C:\xampp\htdocs\wordpress\wp-includes\rest-api\class-wp-rest-server.php on line 1855
[14-Jul-2024 20:17:26 UTC] PHP Deprecated:  El archivo Tema sin footer.php ha quedado obsoleto desde la versión 3.0.0 y no hay alternativas disponibles. Por favor, incluye una plantilla footer.php en tu tema. in C:\xampp\htdocs\wordpress\wp-includes\functions.php on line 6078
[14-Jul-2024 20:17:27 UTC] PHP Deprecated:  El archivo Tema sin footer.php ha quedado obsoleto desde la versión 3.0.0 y no hay alternativas disponibles. Por favor, incluye una plantilla footer.php en tu tema. in C:\xampp\htdocs\wordpress\wp-includes\functions.php on line 6078
[14-Jul-2024 20:17:27 UTC] PHP Warning:  Cannot modify header information - headers already sent by (output started at C:\xampp\htdocs\wordpress\wp-includes\class-wp-styles.php:214) in C:\xampp\htdocs\wordpress\wp-includes\rest-api\class-wp-rest-server.php on line 1831
[14-Jul-2024 20:17:27 UTC] PHP Warning:  Cannot modify header information - headers already sent by (output started at C:\xampp\htdocs\wordpress\wp-includes\class-wp-styles.php:214) in C:\xampp\htdocs\wordpress\wp-includes\rest-api\class-wp-rest-server.php on line 1831
[14-Jul-2024 20:17:27 UTC] PHP Warning:  Cannot modify header information - headers already sent by (output started at C:\xampp\htdocs\wordpress\wp-includes\class-wp-styles.php:214) in C:\xampp\htdocs\wordpress\wp-includes\rest-api\class-wp-rest-server.php on line 1831
[14-Jul-2024 20:17:27 UTC] PHP Warning:  Cannot modify header information - headers already sent by (output started at C:\xampp\htdocs\wordpress\wp-includes\class-wp-styles.php:214) in C:\xampp\htdocs\wordpress\wp-includes\rest-api\class-wp-rest-server.php on line 1831
[14-Jul-2024 20:17:27 UTC] PHP Warning:  Cannot modify header information - headers already sent by (output started at C:\xampp\htdocs\wordpress\wp-includes\class-wp-styles.php:214) in C:\xampp\htdocs\wordpress\wp-includes\rest-api\class-wp-rest-server.php on line 1831
[14-Jul-2024 20:17:27 UTC] PHP Warning:  Cannot modify header information - headers already sent by (output started at C:\xampp\htdocs\wordpress\wp-includes\class-wp-styles.php:214) in C:\xampp\htdocs\wordpress\wp-includes\rest-api\class-wp-rest-server.php on line 1831
[14-Jul-2024 20:17:27 UTC] PHP Warning:  Cannot modify header information - headers already sent by (output started at C:\xampp\htdocs\wordpress\wp-includes\class-wp-styles.php:214) in C:\xampp\htdocs\wordpress\wp-includes\rest-api\class-wp-rest-server.php on line 1831
[14-Jul-2024 20:17:27 UTC] PHP Warning:  Cannot modify header information - headers already sent by (output started at C:\xampp\htdocs\wordpress\wp-includes\class-wp-styles.php:214) in C:\xampp\htdocs\wordpress\wp-includes\rest-api\class-wp-rest-server.php on line 1831
[14-Jul-2024 20:17:27 UTC] PHP Warning:  Cannot modify header information - headers already sent by (output started at C:\xampp\htdocs\wordpress\wp-includes\class-wp-styles.php:214) in C:\xampp\htdocs\wordpress\wp-includes\rest-api\class-wp-rest-server.php on line 1831
[14-Jul-2024 20:17:27 UTC] PHP Warning:  Cannot modify header information - headers already sent by (output started at C:\xampp\htdocs\wordpress\wp-includes\class-wp-styles.php:214) in C:\xampp\htdocs\wordpress\wp-includes\rest-api\class-wp-rest-server.php on line 1831
[14-Jul-2024 20:17:27 UTC] PHP Warning:  Cannot modify header information - headers already sent by (output started at C:\xampp\htdocs\wordpress\wp-includes\class-wp-styles.php:214) in C:\xampp\htdocs\wordpress\wp-includes\rest-api\class-wp-rest-server.php on line 1855
[14-Jul-2024 20:17:27 UTC] PHP Deprecated:  El archivo Tema sin footer.php ha quedado obsoleto desde la versión 3.0.0 y no hay alternativas disponibles. Por favor, incluye una plantilla footer.php en tu tema. in C:\xampp\htdocs\wordpress\wp-includes\functions.php on line 6078
[14-Jul-2024 20:17:27 UTC] PHP Deprecated:  El archivo Tema sin footer.php ha quedado obsoleto desde la versión 3.0.0 y no hay alternativas disponibles. Por favor, incluye una plantilla footer.php en tu tema. in C:\xampp\htdocs\wordpress\wp-includes\functions.php on line 6078
[14-Jul-2024 20:17:55 UTC] PHP Warning:  Attempt to read property "title" on null in C:\xampp\htdocs\wordpress\wp-includes\class-wp-customize-widgets.php on line 905
[14-Jul-2024 21:05:03 UTC] PHP Warning:  Attempt to read property "title" on null in C:\xampp\htdocs\wordpress\wp-includes\class-wp-customize-widgets.php on line 905
[14-Jul-2024 21:27:28 UTC] PHP Warning:  Attempt to read property "title" on null in C:\xampp\htdocs\wordpress\wp-includes\class-wp-customize-widgets.php on line 905
[14-Jul-2024 21:48:33 UTC] PHP Warning:  Attempt to read property "title" on null in C:\xampp\htdocs\wordpress\wp-includes\class-wp-customize-widgets.php on line 905
[14-Jul-2024 21:48:46 UTC] PHP Warning:  Attempt to read property "title" on null in C:\xampp\htdocs\wordpress\wp-includes\class-wp-customize-widgets.php on line 905
[14-Jul-2024 21:53:40 UTC] PHP Warning:  Attempt to read property "title" on null in C:\xampp\htdocs\wordpress\wp-includes\class-wp-customize-widgets.php on line 905
[14-Jul-2024 21:55:27 UTC] PHP Warning:  Attempt to read property "title" on null in C:\xampp\htdocs\wordpress\wp-includes\class-wp-customize-widgets.php on line 905
[14-Jul-2024 21:55:42 UTC] PHP Warning:  Attempt to read property "title" on null in C:\xampp\htdocs\wordpress\wp-includes\class-wp-customize-widgets.php on line 905
[14-Jul-2024 21:56:48 UTC] PHP Warning:  Attempt to read property "title" on null in C:\xampp\htdocs\wordpress\wp-includes\class-wp-customize-widgets.php on line 905
[14-Jul-2024 21:57:45 UTC] PHP Warning:  Attempt to read property "title" on null in C:\xampp\htdocs\wordpress\wp-includes\class-wp-customize-widgets.php on line 905
[14-Jul-2024 21:58:10 UTC] PHP Warning:  Attempt to read property "title" on null in C:\xampp\htdocs\wordpress\wp-includes\class-wp-customize-widgets.php on line 905
[14-Jul-2024 22:00:44 UTC] PHP Warning:  Attempt to read property "title" on null in C:\xampp\htdocs\wordpress\wp-includes\class-wp-customize-widgets.php on line 905
[14-Jul-2024 22:59:17 UTC] PHP Warning:  Attempt to read property "title" on null in C:\xampp\htdocs\wordpress\wp-includes\class-wp-customize-widgets.php on line 905
[14-Jul-2024 23:32:41 UTC] PHP Warning:  Attempt to read property "title" on null in C:\xampp\htdocs\wordpress\wp-includes\class-wp-customize-widgets.php on line 905
